<?xml version="1.0" encoding="UTF-8"?>
<testsuite name="com.hadoop.tools.filePurge.HdfsPathValidationTest" tests="1" skipped="0" failures="0" errors="0" timestamp="2019-10-26T02:35:17" hostname="DESKTOP-RQHHF5O" time="0.034">
  <properties/>
  <testcase name="isPathValid" classname="com.hadoop.tools.filePurge.HdfsPathValidationTest" time="0.034"/>
  <system-out><![CDATA[]]></system-out>
  <system-err><![CDATA[]]></system-err>
</testsuite>
