<?xml version="1.0" encoding="UTF-8"?>
<testsuite name="com.hadoop.tools.filePurge.ReadConfigurationsTest" tests="1" skipped="0" failures="0" errors="0" timestamp="2019-10-26T02:35:17" hostname="DESKTOP-RQHHF5O" time="0.216">
  <properties/>
  <testcase name="readPaths" classname="com.hadoop.tools.filePurge.ReadConfigurationsTest" time="0.216"/>
  <system-out><![CDATA[/S:/ChaloCalifornia/portfolio/FilePurge/build/resources/test/config.properties
]]></system-out>
  <system-err><![CDATA[log4j:WARN No appenders could be found for logger (com.hadoop.tools.filePurge.ReadConfigurations).
log4j:WARN Please initialize the log4j system properly.
log4j:WARN See http://logging.apache.org/log4j/1.2/faq.html#noconfig for more info.
]]></system-err>
</testsuite>
